2022-03-02 20:48:54,808 [Worker-8: Loading available Gradle versions] INFO  o.e.b.c.i.u.g.PublishedGradleVersions - Gradle version information cache is up-to-date. Trying to read.
2022-03-02 21:34:17,354 [Worker-53: Git Repository Change Scanner] WARN  org.eclipse.jgit.lib.Repository - close() called when useCnt is already zero for Repository[C:\Users\ckdeo\git\repository2\.git]
2022-03-02 21:35:50,980 [Worker-59: Creating project "TestFramework"] INFO  o.e.m.c.i.l.LifecycleMappingFactory - Using org.eclipse.m2e.jdt.JarLifecycleMapping lifecycle mapping for MavenProject: com.test:TestFramework:0.0.1-SNAPSHOT @ D:\Study Meterials\TestProjects\TestFramework\pom.xml.
2022-03-02 21:35:51,184 [Worker-59: Creating project "TestFramework"] INFO  o.e.m.j.i.AbstractJavaProjectConfigurator - Adding source folder /TestFramework/src/main/java
2022-03-02 21:35:51,187 [Worker-59: Creating project "TestFramework"] INFO  o.e.m.j.i.AbstractJavaProjectConfigurator - Adding resource folder /TestFramework/src/main/resources
2022-03-02 21:35:51,188 [Worker-59: Creating project "TestFramework"] INFO  o.e.m.j.i.AbstractJavaProjectConfigurator - Adding source folder /TestFramework/src/test/java
2022-03-02 21:35:51,188 [Worker-59: Creating project "TestFramework"] INFO  o.e.m.j.i.AbstractJavaProjectConfigurator - Adding resource folder /TestFramework/src/test/resources
2022-03-02 21:35:52,298 [Worker-58: Building] WARN  o.e.m.c.i.embedder.EclipseLogger - Using platform encoding (Cp1252 actually) to copy filtered resources, i.e. build is platform dependent!
2022-03-02 21:35:52,302 [Worker-58: Building] INFO  o.e.m.c.i.embedder.EclipseLogger - Copying 0 resource
2022-03-02 21:35:52,304 [Worker-58: Building] WARN  o.e.m.c.i.embedder.EclipseLogger - Using platform encoding (Cp1252 actually) to copy filtered resources, i.e. build is platform dependent!
2022-03-02 21:35:52,305 [Worker-58: Building] INFO  o.e.m.c.i.embedder.EclipseLogger - Copying 0 resource
2022-03-02 21:36:21,866 [Worker-58: Building] INFO  o.e.m.c.i.l.LifecycleMappingFactory - Using org.eclipse.m2e.jdt.JarLifecycleMapping lifecycle mapping for MavenProject: com.test:TestFramework:0.0.1-SNAPSHOT @ D:\Study Meterials\TestProjects\TestFramework\pom.xml.
2022-03-02 21:36:22,028 [Worker-58: Building] WARN  o.e.m.c.i.embedder.EclipseLogger - Using platform encoding (Cp1252 actually) to copy filtered resources, i.e. build is platform dependent!
2022-03-02 21:36:22,032 [Worker-58: Building] INFO  o.e.m.c.i.embedder.EclipseLogger - Copying 0 resource
2022-03-02 21:36:22,038 [Worker-58: Building] WARN  o.e.m.c.i.embedder.EclipseLogger - Using platform encoding (Cp1252 actually) to copy filtered resources, i.e. build is platform dependent!
2022-03-02 21:36:22,039 [Worker-58: Building] INFO  o.e.m.c.i.embedder.EclipseLogger - Copying 0 resource
2022-03-02 21:36:43,096 [Worker-59: Building] WARN  o.e.m.c.i.embedder.EclipseLogger - Using platform encoding (Cp1252 actually) to copy filtered resources, i.e. build is platform dependent!
2022-03-02 21:36:43,097 [Worker-59: Building] INFO  o.e.m.c.i.embedder.EclipseLogger - Copying 0 resource
2022-03-02 21:36:43,099 [Worker-59: Building] WARN  o.e.m.c.i.embedder.EclipseLogger - Using platform encoding (Cp1252 actually) to copy filtered resources, i.e. build is platform dependent!
2022-03-02 21:36:43,100 [Worker-59: Building] INFO  o.e.m.c.i.embedder.EclipseLogger - Copying 0 resource
2022-03-02 21:45:57,652 [Worker-6: Loading available Gradle versions] INFO  o.e.b.c.i.u.g.PublishedGradleVersions - Gradle version information cache is up-to-date. Trying to read.
2022-03-02 21:48:11,257 [Worker-22: Creating project "TestFramework"] INFO  o.e.m.c.i.l.LifecycleMappingFactory - Using org.eclipse.m2e.jdt.JarLifecycleMapping lifecycle mapping for MavenProject: com.test:TestFramework:0.0.1-SNAPSHOT @ D:\Study Meterials\TestProjects\TestFramework\pom.xml.
2022-03-02 21:48:11,409 [Worker-22: Creating project "TestFramework"] INFO  o.e.m.j.i.AbstractJavaProjectConfigurator - Adding source folder /TestFramework/src/main/java
2022-03-02 21:48:11,410 [Worker-22: Creating project "TestFramework"] INFO  o.e.m.j.i.AbstractJavaProjectConfigurator - Adding resource folder /TestFramework/src/main/resources
2022-03-02 21:48:11,411 [Worker-22: Creating project "TestFramework"] INFO  o.e.m.j.i.AbstractJavaProjectConfigurator - Adding source folder /TestFramework/src/test/java
2022-03-02 21:48:11,412 [Worker-22: Creating project "TestFramework"] INFO  o.e.m.j.i.AbstractJavaProjectConfigurator - Adding resource folder /TestFramework/src/test/resources
2022-03-02 21:48:12,196 [Worker-36: Building] WARN  o.e.m.c.i.embedder.EclipseLogger - Using platform encoding (Cp1252 actually) to copy filtered resources, i.e. build is platform dependent!
2022-03-02 21:48:12,209 [Worker-36: Building] INFO  o.e.m.c.i.embedder.EclipseLogger - Copying 0 resource
2022-03-02 21:48:12,211 [Worker-36: Building] WARN  o.e.m.c.i.embedder.EclipseLogger - Using platform encoding (Cp1252 actually) to copy filtered resources, i.e. build is platform dependent!
2022-03-02 21:48:12,213 [Worker-36: Building] INFO  o.e.m.c.i.embedder.EclipseLogger - Copying 0 resource
2022-03-02 21:50:47,463 [main] WARN  org.eclipse.jgit.lib.Repository - close() called when useCnt is already zero for Repository[C:\Users\ckdeo\git\TestFramework\.git]
2022-03-02 21:51:02,172 [Worker-19: Building] WARN  o.e.m.c.i.embedder.EclipseLogger - Using platform encoding (Cp1252 actually) to copy filtered resources, i.e. build is platform dependent!
2022-03-02 21:51:02,174 [Worker-19: Building] INFO  o.e.m.c.i.embedder.EclipseLogger - skip non existing resourceDirectory D:\Study Meterials\TestProjects\TestFramework\src\main\resources
2022-03-02 21:51:02,175 [Worker-19: Building] WARN  o.e.m.c.i.embedder.EclipseLogger - Using platform encoding (Cp1252 actually) to copy filtered resources, i.e. build is platform dependent!
2022-03-02 21:51:02,176 [Worker-19: Building] INFO  o.e.m.c.i.embedder.EclipseLogger - skip non existing resourceDirectory D:\Study Meterials\TestProjects\TestFramework\src\test\resources
